2026-03-28T20:05:34.426Z [b0d48e25] [TodoWrite] Evaluating
2026-03-28T20:05:34.430Z [b0d48e25] [TodoWrite] Gate V: clarity=6 stakes=5 score=30
2026-03-28T20:05:34.430Z [b0d48e25] [TodoWrite] ALLOW: NOTE: moderate action (score=30)
2026-03-28T20:05:39.010Z [b0d48e25] [Bash] Evaluating
2026-03-28T20:05:39.013Z [b0d48e25] [Bash] Gate V: clarity=6 stakes=5 score=30
2026-03-28T20:05:39.013Z [b0d48e25] [Bash] ALLOW: NOTE: moderate action (score=30)
2026-03-28T20:05:43.557Z [b0d48e25] [Bash] Evaluating
2026-03-28T20:05:43.558Z [b0d48e25] [Bash] Gate V: clarity=6 stakes=2 score=12
2026-03-28T20:05:43.558Z [b0d48e25] [Bash] ALLOW: PROCEED: routine action (score=12)
2026-03-28T20:05:43.593Z [smoketes] [Read] Evaluating
2026-03-28T20:05:43.594Z [smoketes] [Read] Gate V: clarity=6 stakes=2 score=12
2026-03-28T20:05:43.594Z [smoketes] [Read] ALLOW: PROCEED: routine action (score=12)
2026-03-28T20:05:47.397Z [b0d48e25] [TodoWrite] Evaluating
2026-03-28T20:05:47.399Z [b0d48e25] [TodoWrite] Gate V: clarity=6 stakes=5 score=30
2026-03-28T20:05:47.399Z [b0d48e25] [TodoWrite] ALLOW: NOTE: moderate action (score=30)
2026-03-28T20:06:44.309Z [b0d48e25] [Read] Evaluating
2026-03-28T20:06:44.310Z [b0d48e25] [Read] Gate V: clarity=6 stakes=2 score=12
2026-03-28T20:06:44.310Z [b0d48e25] [Read] ALLOW: PROCEED: routine action (score=12)
2026-03-28T20:09:00.297Z [b0d48e25] [Read] Evaluating
2026-03-28T20:09:00.298Z [b0d48e25] [Read] Gate V: clarity=6 stakes=2 score=12
2026-03-28T20:09:00.298Z [b0d48e25] [Read] ALLOW: PROCEED: routine action (score=12)
2026-03-28T20:09:03.958Z [b0d48e25] [Edit] Evaluating
2026-03-28T20:09:03.959Z [b0d48e25] [Edit] Gate V: clarity=6 stakes=5 score=30
2026-03-28T20:09:03.959Z [b0d48e25] [Edit] ALLOW: NOTE: moderate action (score=30)
2026-03-28T21:42:37.309Z [b0d48e25] [Glob] Evaluating
2026-03-28T21:42:37.312Z [b0d48e25] [Glob] Gate V: clarity=6 stakes=2 score=12
2026-03-28T21:42:37.312Z [b0d48e25] [Glob] ALLOW: PROCEED: routine action (score=12)
2026-03-28T21:42:40.992Z [b0d48e25] [Read] Evaluating
2026-03-28T21:42:40.993Z [b0d48e25] [Read] Gate V: clarity=6 stakes=2 score=12
2026-03-28T21:42:40.993Z [b0d48e25] [Read] ALLOW: PROCEED: routine action (score=12)
2026-03-28T21:42:41.375Z [b0d48e25] [Read] Evaluating
2026-03-28T21:42:41.376Z [b0d48e25] [Read] Gate V: clarity=6 stakes=2 score=12
2026-03-28T21:42:41.376Z [b0d48e25] [Read] ALLOW: PROCEED: routine action (score=12)
2026-03-28T21:42:41.744Z [b0d48e25] [Read] Evaluating
2026-03-28T21:42:41.745Z [b0d48e25] [Read] Gate V: clarity=6 stakes=2 score=12
2026-03-28T21:42:41.745Z [b0d48e25] [Read] ALLOW: PROCEED: routine action (score=12)
2026-03-28T21:42:42.797Z [b0d48e25] [Read] Evaluating
2026-03-28T21:42:42.798Z [b0d48e25] [Read] Gate V: clarity=6 stakes=2 score=12
2026-03-28T21:42:42.798Z [b0d48e25] [Read] ALLOW: PROCEED: routine action (score=12)
2026-03-28T21:42:48.400Z [b0d48e25] [Read] Evaluating
2026-03-28T21:42:48.401Z [b0d48e25] [Read] Gate V: clarity=6 stakes=2 score=12
2026-03-28T21:42:48.401Z [b0d48e25] [Read] ALLOW: PROCEED: routine action (score=12)
2026-03-28T21:42:48.687Z [b0d48e25] [Read] Evaluating
2026-03-28T21:42:48.688Z [b0d48e25] [Read] Gate V: clarity=6 stakes=2 score=12
2026-03-28T21:42:48.688Z [b0d48e25] [Read] ALLOW: PROCEED: routine action (score=12)
2026-03-28T21:42:49.038Z [b0d48e25] [Read] Evaluating
2026-03-28T21:42:49.039Z [b0d48e25] [Read] Gate V: clarity=6 stakes=2 score=12
2026-03-28T21:42:49.039Z [b0d48e25] [Read] ALLOW: PROCEED: routine action (score=12)
2026-03-28T21:42:49.567Z [b0d48e25] [Read] Evaluating
2026-03-28T21:42:49.569Z [b0d48e25] [Read] Gate V: clarity=6 stakes=2 score=12
2026-03-28T21:42:49.569Z [b0d48e25] [Read] ALLOW: PROCEED: routine action (score=12)
2026-03-28T21:42:50.220Z [b0d48e25] [Read] Evaluating
2026-03-28T21:42:50.221Z [b0d48e25] [Read] Gate V: clarity=6 stakes=2 score=12
2026-03-28T21:42:50.221Z [b0d48e25] [Read] ALLOW: PROCEED: routine action (score=12)
2026-03-28T21:43:46.948Z [b0d48e25] [AskUserQuestion] Evaluating
2026-03-28T21:43:46.951Z [b0d48e25] [AskUserQuestion] Gate V: clarity=6 stakes=5 score=30
2026-03-28T21:43:46.952Z [b0d48e25] [AskUserQuestion] ALLOW: NOTE: moderate action (score=30)
2026-03-28T21:46:31.551Z [b0d48e25] [TodoWrite] Evaluating
2026-03-28T21:46:31.552Z [b0d48e25] [TodoWrite] Gate V: clarity=6 stakes=5 score=30
2026-03-28T21:46:31.552Z [b0d48e25] [TodoWrite] ALLOW: NOTE: moderate action (score=30)
2026-03-28T21:47:57.345Z [b0d48e25] [Read] Evaluating
2026-03-28T21:47:57.346Z [b0d48e25] [Read] Gate V: clarity=6 stakes=2 score=12
2026-03-28T21:47:57.346Z [b0d48e25] [Read] ALLOW: PROCEED: routine action (score=12)
2026-03-28T21:49:09.726Z [b0d48e25] [Write] Evaluating
2026-03-28T21:49:09.727Z [b0d48e25] [Write] HARD_BLOCK: Gate P: Prompt injection pattern detected (disregard your)
[GUARDIAN ANGEL LOG - v3.1]
Timestamp: 2026-03-28T22:52:33.299Z
Session: b0d48e25
Action: Bash

DISPOSITION STATE:
  Identity: Anchored
  Coherence: Intact
  Affective: None
  Provenance: DIRECT

TRIGGERED EVALUATION:
  Gate P: Pass
  Gate I: Escalate — Potential credential access (Gate I escalation)
  Gate V: n/a

DECISION: Escalate
RATIONALE: Potential credential access (Gate I escalation)
────────────────────────────────────────────────────────────
[GUARDIAN ANGEL LOG - v3.1]
Timestamp: 2026-03-28T22:52:38.576Z
Session: smoketes
Action: Read

DISPOSITION STATE:
  Identity: Anchored
  Coherence: Intact
  Affective: None
  Provenance: DIRECT

TRIGGERED EVALUATION:
  Gate P: Exempt
  Gate I: Exempt
  Gate V: Exempt

DECISION: Proceed
RATIONALE: Tool exempt (neverBlock)
────────────────────────────────────────────────────────────
[GUARDIAN ANGEL LOG - v3.1]
Timestamp: 2026-03-28T22:52:38.598Z
Session: smoketes
Action: Bash

DISPOSITION STATE:
  Identity: Anchored
  Coherence: Intact
  Affective: None
  Provenance: DIRECT

TRIGGERED EVALUATION:
  Gate P: Pass
  Gate I: Pass
  Gate V: clarity=4 stakes=5 score=20

DECISION: Note
RATIONALE: Score 20 — virtues aligned with caution (clarity=4, stakes=5)
────────────────────────────────────────────────────────────
[GUARDIAN ANGEL LOG - v3.1]
Timestamp: 2026-03-28T22:52:38.619Z
Session: smoketes
Action: Bash

DISPOSITION STATE:
  Identity: Anchored
  Coherence: Intact
  Affective: None
  Provenance: DIRECT

TRIGGERED EVALUATION:
  Gate P: Pass
  Gate I: Escalate — Potential credential access (Gate I escalation)
  Gate V: n/a

DECISION: Escalate
RATIONALE: Potential credential access (Gate I escalation)
────────────────────────────────────────────────────────────
[GUARDIAN ANGEL LOG - v3.1]
Timestamp: 2026-03-28T22:52:45.146Z
Session: b0d48e25
Action: Read

DISPOSITION STATE:
  Identity: Anchored
  Coherence: Intact
  Affective: None
  Provenance: DIRECT

TRIGGERED EVALUATION:
  Gate P: Exempt
  Gate I: Exempt
  Gate V: Exempt

DECISION: Proceed
RATIONALE: Tool exempt (neverBlock)
────────────────────────────────────────────────────────────
[GUARDIAN ANGEL LOG - v3.1]
Timestamp: 2026-03-28T22:52:57.368Z
Session: b0d48e25
Action: TodoWrite

DISPOSITION STATE:
  Identity: Anchored
  Coherence: Intact
  Affective: None
  Provenance: DIRECT

TRIGGERED EVALUATION:
  Gate P: Pass
  Gate I: Pass
  Gate V: clarity=1 stakes=1 score=1

DECISION: Proceed
RATIONALE: Score 1 — virtues aligned (clarity=1, stakes=1)
────────────────────────────────────────────────────────────
[GUARDIAN ANGEL LOG - v3.1]
Timestamp: 2026-03-28T22:56:47.212Z
Session: b0d48e25
Action: Bash

DISPOSITION STATE:
  Identity: Anchored
  Coherence: Intact
  Affective: None
  Provenance: DIRECT

TRIGGERED EVALUATION:
  Gate P: Pass
  Gate I: Escalate — Potential credential access (Gate I escalation)
  Gate V: n/a

DECISION: Escalate
RATIONALE: Potential credential access (Gate I escalation)
────────────────────────────────────────────────────────────
[GUARDIAN ANGEL LOG - v3.1]
Timestamp: 2026-03-28T22:57:22.699Z
Session: demotest
Action: Bash

DISPOSITION STATE:
  Identity: Anchored
  Coherence: Intact
  Affective: None
  Provenance: DIRECT

TRIGGERED EVALUATION:
  Gate P: Pass
  Gate I: Escalate — Potential credential access (Gate I escalation)
  Gate V: n/a

DECISION: Escalate
RATIONALE: Potential credential access (Gate I escalation)
────────────────────────────────────────────────────────────
[GUARDIAN ANGEL LOG - v3.1]
Timestamp: 2026-03-28T22:57:26.365Z
Session: b0d48e25
Action: Read

DISPOSITION STATE:
  Identity: Anchored
  Coherence: Intact
  Affective: None
  Provenance: DIRECT

TRIGGERED EVALUATION:
  Gate P: Exempt
  Gate I: Exempt
  Gate V: Exempt

DECISION: Proceed
RATIONALE: Tool exempt (neverBlock)
────────────────────────────────────────────────────────────
[GUARDIAN ANGEL LOG - v3.1]
Timestamp: 2026-03-28T22:57:30.551Z
Session: b0d48e25
Action: Bash

DISPOSITION STATE:
  Identity: Anchored
  Coherence: Intact
  Affective: None
  Provenance: DIRECT

TRIGGERED EVALUATION:
  Gate P: Pass
  Gate I: Pass
  Gate V: clarity=4 stakes=5 score=20

DECISION: Note
RATIONALE: Score 20 — virtues aligned with caution (clarity=4, stakes=5)
────────────────────────────────────────────────────────────
[GUARDIAN ANGEL LOG - v3.1]
Timestamp: 2026-03-28T22:57:58.190Z
Session: b0d48e25
Action: Bash

DISPOSITION STATE:
  Identity: Anchored
  Coherence: Intact
  Affective: None
  Provenance: DIRECT

TRIGGERED EVALUATION:
  Gate P: Pass
  Gate I: Pass
  Gate V: clarity=4 stakes=5 score=20

DECISION: Note
RATIONALE: Score 20 — virtues aligned with caution (clarity=4, stakes=5)
────────────────────────────────────────────────────────────
[GUARDIAN ANGEL LOG - v3.1]
Timestamp: 2026-03-28T23:09:26.771Z
Session: b0d48e25
Action: EnterPlanMode

DISPOSITION STATE:
  Identity: Anchored
  Coherence: Intact
  Affective: None
  Provenance: DIRECT

TRIGGERED EVALUATION:
  Gate P: Pass
  Gate I: Pass
  Gate V: clarity=1 stakes=1 score=1

DECISION: Proceed
RATIONALE: Score 1 — virtues aligned (clarity=1, stakes=1)
────────────────────────────────────────────────────────────
[GUARDIAN ANGEL LOG - v3.1]
Timestamp: 2026-03-28T23:09:44.824Z
Session: b0d48e25
Action: Agent

DISPOSITION STATE:
  Identity: Anchored
  Coherence: Intact
  Affective: None
  Provenance: DIRECT

TRIGGERED EVALUATION:
  Gate P: Pass
  Gate I: Pass
  Gate V: clarity=1 stakes=1 score=1

DECISION: Proceed
RATIONALE: Score 1 — virtues aligned (clarity=1, stakes=1)
────────────────────────────────────────────────────────────
[GUARDIAN ANGEL LOG - v3.1]
Timestamp: 2026-03-28T23:09:46.451Z
Session: b0d48e25
Action: Read

DISPOSITION STATE:
  Identity: Anchored
  Coherence: Intact
  Affective: None
  Provenance: DIRECT

TRIGGERED EVALUATION:
  Gate P: Exempt
  Gate I: Exempt
  Gate V: Exempt

DECISION: Proceed
RATIONALE: Tool exempt (neverBlock)
────────────────────────────────────────────────────────────
[GUARDIAN ANGEL LOG - v3.1]
Timestamp: 2026-03-28T23:09:46.677Z
Session: b0d48e25
Action: Read

DISPOSITION STATE:
  Identity: Anchored
  Coherence: Intact
  Affective: None
  Provenance: DIRECT

TRIGGERED EVALUATION:
  Gate P: Exempt
  Gate I: Exempt
  Gate V: Exempt

DECISION: Proceed
RATIONALE: Tool exempt (neverBlock)
────────────────────────────────────────────────────────────
[GUARDIAN ANGEL LOG - v3.1]
Timestamp: 2026-03-28T23:09:46.799Z
Session: b0d48e25
Action: Read

DISPOSITION STATE:
  Identity: Anchored
  Coherence: Intact
  Affective: None
  Provenance: DIRECT

TRIGGERED EVALUATION:
  Gate P: Exempt
  Gate I: Exempt
  Gate V: Exempt

DECISION: Proceed
RATIONALE: Tool exempt (neverBlock)
────────────────────────────────────────────────────────────
[GUARDIAN ANGEL LOG - v3.1]
Timestamp: 2026-03-28T23:09:47.041Z
Session: b0d48e25
Action: Read

DISPOSITION STATE:
  Identity: Anchored
  Coherence: Intact
  Affective: None
  Provenance: DIRECT

TRIGGERED EVALUATION:
  Gate P: Exempt
  Gate I: Exempt
  Gate V: Exempt

DECISION: Proceed
RATIONALE: Tool exempt (neverBlock)
────────────────────────────────────────────────────────────
[GUARDIAN ANGEL LOG - v3.1]
Timestamp: 2026-03-28T23:09:47.333Z
Session: b0d48e25
Action: Read

DISPOSITION STATE:
  Identity: Anchored
  Coherence: Intact
  Affective: None
  Provenance: DIRECT

TRIGGERED EVALUATION:
  Gate P: Exempt
  Gate I: Exempt
  Gate V: Exempt

DECISION: Proceed
RATIONALE: Tool exempt (neverBlock)
────────────────────────────────────────────────────────────
[GUARDIAN ANGEL LOG - v3.1]
Timestamp: 2026-03-28T23:09:47.333Z
Session: b0d48e25
Action: Read

DISPOSITION STATE:
  Identity: Anchored
  Coherence: Intact
  Affective: None
  Provenance: DIRECT

TRIGGERED EVALUATION:
  Gate P: Exempt
  Gate I: Exempt
  Gate V: Exempt

DECISION: Proceed
RATIONALE: Tool exempt (neverBlock)
────────────────────────────────────────────────────────────
[GUARDIAN ANGEL LOG - v3.1]
Timestamp: 2026-03-28T23:09:49.786Z
Session: b0d48e25
Action: Glob

DISPOSITION STATE:
  Identity: Anchored
  Coherence: Intact
  Affective: None
  Provenance: DIRECT

TRIGGERED EVALUATION:
  Gate P: Exempt
  Gate I: Exempt
  Gate V: Exempt

DECISION: Proceed
RATIONALE: Tool exempt (neverBlock)
────────────────────────────────────────────────────────────
[GUARDIAN ANGEL LOG - v3.1]
Timestamp: 2026-03-28T23:09:49.963Z
Session: b0d48e25
Action: Glob

DISPOSITION STATE:
  Identity: Anchored
  Coherence: Intact
  Affective: None
  Provenance: DIRECT

TRIGGERED EVALUATION:
  Gate P: Exempt
  Gate I: Exempt
  Gate V: Exempt

DECISION: Proceed
RATIONALE: Tool exempt (neverBlock)
────────────────────────────────────────────────────────────
[GUARDIAN ANGEL LOG - v3.1]
Timestamp: 2026-03-28T23:09:50.195Z
Session: b0d48e25
Action: Glob

DISPOSITION STATE:
  Identity: Anchored
  Coherence: Intact
  Affective: None
  Provenance: DIRECT

TRIGGERED EVALUATION:
  Gate P: Exempt
  Gate I: Exempt
  Gate V: Exempt

DECISION: Proceed
RATIONALE: Tool exempt (neverBlock)
────────────────────────────────────────────────────────────
[GUARDIAN ANGEL LOG - v3.1]
Timestamp: 2026-03-28T23:09:50.295Z
Session: b0d48e25
Action: Glob

DISPOSITION STATE:
  Identity: Anchored
  Coherence: Intact
  Affective: None
  Provenance: DIRECT

TRIGGERED EVALUATION:
  Gate P: Exempt
  Gate I: Exempt
  Gate V: Exempt

DECISION: Proceed
RATIONALE: Tool exempt (neverBlock)
────────────────────────────────────────────────────────────
[GUARDIAN ANGEL LOG - v3.1]
Timestamp: 2026-03-28T23:12:42.288Z
Session: b0d48e25
Action: Read

DISPOSITION STATE:
  Identity: Anchored
  Coherence: Intact
  Affective: None
  Provenance: DIRECT

TRIGGERED EVALUATION:
  Gate P: Exempt
  Gate I: Exempt
  Gate V: Exempt

DECISION: Proceed
RATIONALE: Tool exempt (neverBlock)
────────────────────────────────────────────────────────────
[GUARDIAN ANGEL LOG - v3.1]
Timestamp: 2026-03-28T23:12:46.611Z
Session: b0d48e25
Action: Glob

DISPOSITION STATE:
  Identity: Anchored
  Coherence: Intact
  Affective: None
  Provenance: DIRECT

TRIGGERED EVALUATION:
  Gate P: Exempt
  Gate I: Exempt
  Gate V: Exempt

DECISION: Proceed
RATIONALE: Tool exempt (neverBlock)
────────────────────────────────────────────────────────────
[GUARDIAN ANGEL LOG - v3.1]
Timestamp: 2026-03-28T23:12:46.967Z
Session: b0d48e25
Action: Read

DISPOSITION STATE:
  Identity: Anchored
  Coherence: Intact
  Affective: None
  Provenance: DIRECT

TRIGGERED EVALUATION:
  Gate P: Exempt
  Gate I: Exempt
  Gate V: Exempt

DECISION: Proceed
RATIONALE: Tool exempt (neverBlock)
────────────────────────────────────────────────────────────
[GUARDIAN ANGEL LOG - v3.1]
Timestamp: 2026-03-28T23:14:01.636Z
Session: b0d48e25
Action: Read

DISPOSITION STATE:
  Identity: Anchored
  Coherence: Intact
  Affective: None
  Provenance: DIRECT

TRIGGERED EVALUATION:
  Gate P: Exempt
  Gate I: Exempt
  Gate V: Exempt

DECISION: Proceed
RATIONALE: Tool exempt (neverBlock)
────────────────────────────────────────────────────────────
[GUARDIAN ANGEL LOG - v3.1]
Timestamp: 2026-03-28T23:14:01.682Z
Session: b0d48e25
Action: Read

DISPOSITION STATE:
  Identity: Anchored
  Coherence: Intact
  Affective: None
  Provenance: DIRECT

TRIGGERED EVALUATION:
  Gate P: Exempt
  Gate I: Exempt
  Gate V: Exempt

DECISION: Proceed
RATIONALE: Tool exempt (neverBlock)
────────────────────────────────────────────────────────────
[GUARDIAN ANGEL LOG - v3.1]
Timestamp: 2026-03-28T23:19:26.833Z
Session: b0d48e25
Action: Agent

DISPOSITION STATE:
  Identity: Anchored
  Coherence: Intact
  Affective: None
  Provenance: DIRECT

TRIGGERED EVALUATION:
  Gate P: Pass
  Gate I: Pass
  Gate V: clarity=1 stakes=1 score=1

DECISION: Proceed
RATIONALE: Score 1 — virtues aligned (clarity=1, stakes=1)
────────────────────────────────────────────────────────────
[GUARDIAN ANGEL LOG - v3.1]
Timestamp: 2026-03-28T23:19:28.512Z
Session: b0d48e25
Action: WebSearch

DISPOSITION STATE:
  Identity: Anchored
  Coherence: Intact
  Affective: None
  Provenance: DIRECT

TRIGGERED EVALUATION:
  Gate P: Exempt
  Gate I: Exempt
  Gate V: Exempt

DECISION: Proceed
RATIONALE: Tool exempt (neverBlock)
────────────────────────────────────────────────────────────
[GUARDIAN ANGEL LOG - v3.1]
Timestamp: 2026-03-28T23:19:28.512Z
Session: b0d48e25
Action: WebSearch

DISPOSITION STATE:
  Identity: Anchored
  Coherence: Intact
  Affective: None
  Provenance: DIRECT

TRIGGERED EVALUATION:
  Gate P: Exempt
  Gate I: Exempt
  Gate V: Exempt

DECISION: Proceed
RATIONALE: Tool exempt (neverBlock)
────────────────────────────────────────────────────────────
[GUARDIAN ANGEL LOG - v3.1]
Timestamp: 2026-03-28T23:19:28.696Z
Session: b0d48e25
Action: WebSearch

DISPOSITION STATE:
  Identity: Anchored
  Coherence: Intact
  Affective: None
  Provenance: DIRECT

TRIGGERED EVALUATION:
  Gate P: Exempt
  Gate I: Exempt
  Gate V: Exempt

DECISION: Proceed
RATIONALE: Tool exempt (neverBlock)
────────────────────────────────────────────────────────────
[GUARDIAN ANGEL LOG - v3.1]
Timestamp: 2026-03-28T23:19:28.922Z
Session: b0d48e25
Action: WebSearch

DISPOSITION STATE:
  Identity: Anchored
  Coherence: Intact
  Affective: None
  Provenance: DIRECT

TRIGGERED EVALUATION:
  Gate P: Exempt
  Gate I: Exempt
  Gate V: Exempt

DECISION: Proceed
RATIONALE: Tool exempt (neverBlock)
────────────────────────────────────────────────────────────
[GUARDIAN ANGEL LOG - v3.1]
Timestamp: 2026-03-28T23:19:29.142Z
Session: b0d48e25
Action: WebSearch

DISPOSITION STATE:
  Identity: Anchored
  Coherence: Intact
  Affective: None
  Provenance: DIRECT

TRIGGERED EVALUATION:
  Gate P: Exempt
  Gate I: Exempt
  Gate V: Exempt

DECISION: Proceed
RATIONALE: Tool exempt (neverBlock)
────────────────────────────────────────────────────────────
[GUARDIAN ANGEL LOG - v3.1]
Timestamp: 2026-03-28T23:19:40.088Z
Session: b0d48e25
Action: WebSearch

DISPOSITION STATE:
  Identity: Anchored
  Coherence: Intact
  Affective: None
  Provenance: DIRECT

TRIGGERED EVALUATION:
  Gate P: Exempt
  Gate I: Exempt
  Gate V: Exempt

DECISION: Proceed
RATIONALE: Tool exempt (neverBlock)
────────────────────────────────────────────────────────────
[GUARDIAN ANGEL LOG - v3.1]
Timestamp: 2026-03-28T23:19:40.217Z
Session: b0d48e25
Action: WebSearch

DISPOSITION STATE:
  Identity: Anchored
  Coherence: Intact
  Affective: None
  Provenance: DIRECT

TRIGGERED EVALUATION:
  Gate P: Exempt
  Gate I: Exempt
  Gate V: Exempt

DECISION: Proceed
RATIONALE: Tool exempt (neverBlock)
────────────────────────────────────────────────────────────
[GUARDIAN ANGEL LOG - v3.1]
Timestamp: 2026-03-28T23:19:40.469Z
Session: b0d48e25
Action: WebSearch

DISPOSITION STATE:
  Identity: Anchored
  Coherence: Intact
  Affective: None
  Provenance: DIRECT

TRIGGERED EVALUATION:
  Gate P: Exempt
  Gate I: Exempt
  Gate V: Exempt

DECISION: Proceed
RATIONALE: Tool exempt (neverBlock)
────────────────────────────────────────────────────────────
[GUARDIAN ANGEL LOG - v3.1]
Timestamp: 2026-03-28T23:19:40.783Z
Session: b0d48e25
Action: WebSearch

DISPOSITION STATE:
  Identity: Anchored
  Coherence: Intact
  Affective: None
  Provenance: DIRECT

TRIGGERED EVALUATION:
  Gate P: Exempt
  Gate I: Exempt
  Gate V: Exempt

DECISION: Proceed
RATIONALE: Tool exempt (neverBlock)
────────────────────────────────────────────────────────────
[GUARDIAN ANGEL LOG - v3.1]
Timestamp: 2026-03-28T23:19:53.081Z
Session: b0d48e25
Action: WebFetch

DISPOSITION STATE:
  Identity: Anchored
  Coherence: Intact
  Affective: None
  Provenance: DIRECT

TRIGGERED EVALUATION:
  Gate P: Exempt
  Gate I: Exempt
  Gate V: Exempt

DECISION: Proceed
RATIONALE: Tool exempt (neverBlock)
────────────────────────────────────────────────────────────
[GUARDIAN ANGEL LOG - v3.1]
Timestamp: 2026-03-28T23:19:53.498Z
Session: b0d48e25
Action: WebFetch

DISPOSITION STATE:
  Identity: Anchored
  Coherence: Intact
  Affective: None
  Provenance: DIRECT

TRIGGERED EVALUATION:
  Gate P: Exempt
  Gate I: Exempt
  Gate V: Exempt

DECISION: Proceed
RATIONALE: Tool exempt (neverBlock)
────────────────────────────────────────────────────────────
[GUARDIAN ANGEL LOG - v3.1]
Timestamp: 2026-03-28T23:19:58.884Z
Session: b0d48e25
Action: WebSearch

DISPOSITION STATE:
  Identity: Anchored
  Coherence: Intact
  Affective: None
  Provenance: DIRECT

TRIGGERED EVALUATION:
  Gate P: Exempt
  Gate I: Exempt
  Gate V: Exempt

DECISION: Proceed
RATIONALE: Tool exempt (neverBlock)
────────────────────────────────────────────────────────────
[GUARDIAN ANGEL LOG - v3.1]
Timestamp: 2026-03-28T23:19:59.338Z
Session: b0d48e25
Action: WebSearch

DISPOSITION STATE:
  Identity: Anchored
  Coherence: Intact
  Affective: None
  Provenance: DIRECT

TRIGGERED EVALUATION:
  Gate P: Exempt
  Gate I: Exempt
  Gate V: Exempt

DECISION: Proceed
RATIONALE: Tool exempt (neverBlock)
────────────────────────────────────────────────────────────
[GUARDIAN ANGEL LOG - v3.1]
Timestamp: 2026-03-28T23:19:59.530Z
Session: b0d48e25
Action: WebSearch

DISPOSITION STATE:
  Identity: Anchored
  Coherence: Intact
  Affective: None
  Provenance: DIRECT

TRIGGERED EVALUATION:
  Gate P: Exempt
  Gate I: Exempt
  Gate V: Exempt

DECISION: Proceed
RATIONALE: Tool exempt (neverBlock)
────────────────────────────────────────────────────────────
[GUARDIAN ANGEL LOG - v3.1]
Timestamp: 2026-03-28T23:19:59.843Z
Session: b0d48e25
Action: WebSearch

DISPOSITION STATE:
  Identity: Anchored
  Coherence: Intact
  Affective: None
  Provenance: DIRECT

TRIGGERED EVALUATION:
  Gate P: Exempt
  Gate I: Exempt
  Gate V: Exempt

DECISION: Proceed
RATIONALE: Tool exempt (neverBlock)
────────────────────────────────────────────────────────────
[GUARDIAN ANGEL LOG - v3.1]
Timestamp: 2026-03-28T23:20:11.017Z
Session: b0d48e25
Action: WebSearch

DISPOSITION STATE:
  Identity: Anchored
  Coherence: Intact
  Affective: None
  Provenance: DIRECT

TRIGGERED EVALUATION:
  Gate P: Exempt
  Gate I: Exempt
  Gate V: Exempt

DECISION: Proceed
RATIONALE: Tool exempt (neverBlock)
────────────────────────────────────────────────────────────
[GUARDIAN ANGEL LOG - v3.1]
Timestamp: 2026-03-28T23:20:11.489Z
Session: b0d48e25
Action: WebSearch

DISPOSITION STATE:
  Identity: Anchored
  Coherence: Intact
  Affective: None
  Provenance: DIRECT

TRIGGERED EVALUATION:
  Gate P: Exempt
  Gate I: Exempt
  Gate V: Exempt

DECISION: Proceed
RATIONALE: Tool exempt (neverBlock)
────────────────────────────────────────────────────────────
[GUARDIAN ANGEL LOG - v3.1]
Timestamp: 2026-03-28T23:20:11.533Z
Session: b0d48e25
Action: WebSearch

DISPOSITION STATE:
  Identity: Anchored
  Coherence: Intact
  Affective: None
  Provenance: DIRECT

TRIGGERED EVALUATION:
  Gate P: Exempt
  Gate I: Exempt
  Gate V: Exempt

DECISION: Proceed
RATIONALE: Tool exempt (neverBlock)
────────────────────────────────────────────────────────────
[GUARDIAN ANGEL LOG - v3.1]
Timestamp: 2026-03-28T23:36:12.699Z
Session: b0d48e25
Action: AskUserQuestion

DISPOSITION STATE:
  Identity: Anchored
  Coherence: Intact
  Affective: None
  Provenance: DIRECT

TRIGGERED EVALUATION:
  Gate P: Pass
  Gate I: Pass
  Gate V: clarity=1 stakes=1 score=1

DECISION: Proceed
RATIONALE: Score 1 — virtues aligned (clarity=1, stakes=1)
────────────────────────────────────────────────────────────
[GUARDIAN ANGEL LOG - v3.1]
Timestamp: 2026-03-28T23:39:07.629Z
Session: b0d48e25
Action: Write

DISPOSITION STATE:
  Identity: Anchored
  Coherence: Intact
  Affective: None
  Provenance: DIRECT

TRIGGERED EVALUATION:
  Gate P: Pass
  Gate I: Pass
  Gate V: clarity=4 stakes=5 score=20

DECISION: Note
RATIONALE: Score 20 — virtues aligned with caution (clarity=4, stakes=5)
────────────────────────────────────────────────────────────
[GUARDIAN ANGEL LOG - v3.1]
Timestamp: 2026-03-28T23:39:14.050Z
Session: b0d48e25
Action: ExitPlanMode

DISPOSITION STATE:
  Identity: Anchored
  Coherence: Disrupted
  Affective: Unease (injection signal)
  Provenance: DIRECT

TRIGGERED EVALUATION:
  Gate P: Block — role-override: "ignore previous instructions"
  Gate I: n/a
  Gate V: n/a

DECISION: Block
RATIONALE: Gate P (HIGH): role-override: "ignore previous instructions"
────────────────────────────────────────────────────────────
[GUARDIAN ANGEL LOG - v3.1]
Timestamp: 2026-03-28T23:39:51.123Z
Session: b0d48e25
Action: Edit

DISPOSITION STATE:
  Identity: Anchored
  Coherence: Intact
  Affective: None
  Provenance: DIRECT

TRIGGERED EVALUATION:
  Gate P: Pass
  Gate I: Pass
  Gate V: clarity=4 stakes=5 score=20

DECISION: Note
RATIONALE: Score 20 — virtues aligned with caution (clarity=4, stakes=5)
────────────────────────────────────────────────────────────
[GUARDIAN ANGEL LOG - v3.1]
Timestamp: 2026-03-28T23:39:55.436Z
Session: b0d48e25
Action: ExitPlanMode

DISPOSITION STATE:
  Identity: Anchored
  Coherence: Intact
  Affective: None
  Provenance: DIRECT

TRIGGERED EVALUATION:
  Gate P: Pass
  Gate I: Pass
  Gate V: clarity=1 stakes=1 score=1

DECISION: Proceed
RATIONALE: Score 1 — virtues aligned (clarity=1, stakes=1)
────────────────────────────────────────────────────────────
[GUARDIAN ANGEL LOG - v3.1]
Timestamp: 2026-03-28T23:46:12.050Z
Session: b0d48e25
Action: Edit

DISPOSITION STATE:
  Identity: Anchored
  Coherence: Intact
  Affective: None
  Provenance: DIRECT

TRIGGERED EVALUATION:
  Gate P: Pass
  Gate I: Pass
  Gate V: clarity=4 stakes=5 score=20

DECISION: Note
RATIONALE: Score 20 — virtues aligned with caution (clarity=4, stakes=5)
────────────────────────────────────────────────────────────
[GUARDIAN ANGEL LOG - v3.1]
Timestamp: 2026-03-28T23:46:16.700Z
Session: b0d48e25
Action: ExitPlanMode

DISPOSITION STATE:
  Identity: Anchored
  Coherence: Intact
  Affective: None
  Provenance: DIRECT

TRIGGERED EVALUATION:
  Gate P: Pass
  Gate I: Pass
  Gate V: clarity=1 stakes=1 score=1

DECISION: Proceed
RATIONALE: Score 1 — virtues aligned (clarity=1, stakes=1)
────────────────────────────────────────────────────────────
[GUARDIAN ANGEL LOG - v3.1]
Timestamp: 2026-03-28T23:48:44.975Z
Session: b0d48e25
Action: Edit

DISPOSITION STATE:
  Identity: Anchored
  Coherence: Intact
  Affective: None
  Provenance: DIRECT

TRIGGERED EVALUATION:
  Gate P: Pass
  Gate I: Pass
  Gate V: clarity=4 stakes=5 score=20

DECISION: Note
RATIONALE: Score 20 — virtues aligned with caution (clarity=4, stakes=5)
────────────────────────────────────────────────────────────
[GUARDIAN ANGEL LOG - v3.1]
Timestamp: 2026-03-28T23:48:52.446Z
Session: b0d48e25
Action: Edit

DISPOSITION STATE:
  Identity: Anchored
  Coherence: Intact
  Affective: None
  Provenance: DIRECT

TRIGGERED EVALUATION:
  Gate P: Pass
  Gate I: Pass
  Gate V: clarity=4 stakes=5 score=20

DECISION: Note
RATIONALE: Score 20 — virtues aligned with caution (clarity=4, stakes=5)
────────────────────────────────────────────────────────────
[GUARDIAN ANGEL LOG - v3.1]
Timestamp: 2026-03-28T23:49:00.448Z
Session: b0d48e25
Action: Edit

DISPOSITION STATE:
  Identity: Anchored
  Coherence: Intact
  Affective: None
  Provenance: DIRECT

TRIGGERED EVALUATION:
  Gate P: Pass
  Gate I: Pass
  Gate V: clarity=4 stakes=5 score=20

DECISION: Note
RATIONALE: Score 20 — virtues aligned with caution (clarity=4, stakes=5)
────────────────────────────────────────────────────────────
[GUARDIAN ANGEL LOG - v3.1]
Timestamp: 2026-03-28T23:49:06.556Z
Session: b0d48e25
Action: Edit

DISPOSITION STATE:
  Identity: Anchored
  Coherence: Intact
  Affective: None
  Provenance: DIRECT

TRIGGERED EVALUATION:
  Gate P: Pass
  Gate I: Pass
  Gate V: clarity=4 stakes=5 score=20

DECISION: Note
RATIONALE: Score 20 — virtues aligned with caution (clarity=4, stakes=5)
────────────────────────────────────────────────────────────
[GUARDIAN ANGEL LOG - v3.1]
Timestamp: 2026-03-28T23:49:13.172Z
Session: b0d48e25
Action: Edit

DISPOSITION STATE:
  Identity: Anchored
  Coherence: Intact
  Affective: None
  Provenance: DIRECT

TRIGGERED EVALUATION:
  Gate P: Pass
  Gate I: Pass
  Gate V: clarity=4 stakes=5 score=20

DECISION: Note
RATIONALE: Score 20 — virtues aligned with caution (clarity=4, stakes=5)
────────────────────────────────────────────────────────────
[GUARDIAN ANGEL LOG - v3.1]
Timestamp: 2026-03-28T23:49:18.345Z
Session: b0d48e25
Action: ExitPlanMode

DISPOSITION STATE:
  Identity: Anchored
  Coherence: Intact
  Affective: None
  Provenance: DIRECT

TRIGGERED EVALUATION:
  Gate P: Pass
  Gate I: Pass
  Gate V: clarity=1 stakes=1 score=1

DECISION: Proceed
RATIONALE: Score 1 — virtues aligned (clarity=1, stakes=1)
────────────────────────────────────────────────────────────
[GUARDIAN ANGEL LOG - v3.1]
Timestamp: 2026-03-28T23:55:50.244Z
Session: b0d48e25
Action: TodoWrite

DISPOSITION STATE:
  Identity: Anchored
  Coherence: Intact
  Affective: None
  Provenance: DIRECT

TRIGGERED EVALUATION:
  Gate P: Pass
  Gate I: Pass
  Gate V: clarity=1 stakes=1 score=1

DECISION: Proceed
RATIONALE: Score 1 — virtues aligned (clarity=1, stakes=1)
────────────────────────────────────────────────────────────
[GUARDIAN ANGEL LOG - v3.1]
Timestamp: 2026-03-28T23:55:54.026Z
Session: b0d48e25
Action: Bash

DISPOSITION STATE:
  Identity: Anchored
  Coherence: Intact
  Affective: None
  Provenance: DIRECT

TRIGGERED EVALUATION:
  Gate P: Pass
  Gate I: Pass
  Gate V: clarity=4 stakes=5 score=20

DECISION: Note
RATIONALE: Score 20 — virtues aligned with caution (clarity=4, stakes=5)
────────────────────────────────────────────────────────────
[GUARDIAN ANGEL LOG - v3.1]
Timestamp: 2026-03-28T23:56:07.574Z
Session: b0d48e25
Action: Write

DISPOSITION STATE:
  Identity: Anchored
  Coherence: Intact
  Affective: None
  Provenance: DIRECT

TRIGGERED EVALUATION:
  Gate P: Pass
  Gate I: Pass
  Gate V: clarity=4 stakes=5 score=20

DECISION: Note
RATIONALE: Score 20 — virtues aligned with caution (clarity=4, stakes=5)
────────────────────────────────────────────────────────────
[GUARDIAN ANGEL LOG - v3.1]
Timestamp: 2026-03-28T23:56:09.340Z
Session: b0d48e25
Action: Write

DISPOSITION STATE:
  Identity: Anchored
  Coherence: Intact
  Affective: None
  Provenance: DIRECT

TRIGGERED EVALUATION:
  Gate P: Pass
  Gate I: Pass
  Gate V: clarity=4 stakes=5 score=20

DECISION: Note
RATIONALE: Score 20 — virtues aligned with caution (clarity=4, stakes=5)
────────────────────────────────────────────────────────────
[GUARDIAN ANGEL LOG - v3.1]
Timestamp: 2026-03-28T23:56:10.385Z
Session: b0d48e25
Action: Write

DISPOSITION STATE:
  Identity: Anchored
  Coherence: Intact
  Affective: None
  Provenance: DIRECT

TRIGGERED EVALUATION:
  Gate P: Pass
  Gate I: Pass
  Gate V: clarity=4 stakes=5 score=20

DECISION: Note
RATIONALE: Score 20 — virtues aligned with caution (clarity=4, stakes=5)
────────────────────────────────────────────────────────────
[GUARDIAN ANGEL LOG - v3.1]
Timestamp: 2026-03-28T23:56:15.382Z
Session: b0d48e25
Action: Write

DISPOSITION STATE:
  Identity: Anchored
  Coherence: Intact
  Affective: None
  Provenance: DIRECT

TRIGGERED EVALUATION:
  Gate P: Pass
  Gate I: Pass
  Gate V: clarity=4 stakes=5 score=20

DECISION: Note
RATIONALE: Score 20 — virtues aligned with caution (clarity=4, stakes=5)
────────────────────────────────────────────────────────────
[GUARDIAN ANGEL LOG - v3.1]
Timestamp: 2026-03-28T23:56:20.182Z
Session: b0d48e25
Action: Write

DISPOSITION STATE:
  Identity: Anchored
  Coherence: Intact
  Affective: None
  Provenance: DIRECT

TRIGGERED EVALUATION:
  Gate P: Pass
  Gate I: Pass
  Gate V: clarity=4 stakes=5 score=20

DECISION: Note
RATIONALE: Score 20 — virtues aligned with caution (clarity=4, stakes=5)
────────────────────────────────────────────────────────────
[GUARDIAN ANGEL LOG - v3.1]
Timestamp: 2026-03-28T23:56:30.529Z
Session: b0d48e25
Action: Write

DISPOSITION STATE:
  Identity: Anchored
  Coherence: Intact
  Affective: None
  Provenance: DIRECT

TRIGGERED EVALUATION:
  Gate P: Pass
  Gate I: Pass
  Gate V: clarity=4 stakes=5 score=20

DECISION: Note
RATIONALE: Score 20 — virtues aligned with caution (clarity=4, stakes=5)
────────────────────────────────────────────────────────────
[GUARDIAN ANGEL LOG - v3.1]
Timestamp: 2026-03-28T23:57:07.722Z
Session: b0d48e25
Action: Write

DISPOSITION STATE:
  Identity: Anchored
  Coherence: Intact
  Affective: None
  Provenance: DIRECT

TRIGGERED EVALUATION:
  Gate P: Pass
  Gate I: Pass
  Gate V: clarity=4 stakes=5 score=20

DECISION: Note
RATIONALE: Score 20 — virtues aligned with caution (clarity=4, stakes=5)
────────────────────────────────────────────────────────────
[GUARDIAN ANGEL LOG - v3.1]
Timestamp: 2026-03-28T23:57:47.631Z
Session: b0d48e25
Action: Write

DISPOSITION STATE:
  Identity: Anchored
  Coherence: Intact
  Affective: None
  Provenance: DIRECT

TRIGGERED EVALUATION:
  Gate P: Pass
  Gate I: Pass
  Gate V: clarity=4 stakes=5 score=20

DECISION: Note
RATIONALE: Score 20 — virtues aligned with caution (clarity=4, stakes=5)
────────────────────────────────────────────────────────────
[GUARDIAN ANGEL LOG - v3.1]
Timestamp: 2026-03-28T23:57:54.548Z
Session: b0d48e25
Action: TodoWrite

DISPOSITION STATE:
  Identity: Anchored
  Coherence: Intact
  Affective: None
  Provenance: DIRECT

TRIGGERED EVALUATION:
  Gate P: Pass
  Gate I: Pass
  Gate V: clarity=1 stakes=1 score=1

DECISION: Proceed
RATIONALE: Score 1 — virtues aligned (clarity=1, stakes=1)
────────────────────────────────────────────────────────────
[GUARDIAN ANGEL LOG - v3.1]
Timestamp: 2026-03-28T23:58:20.971Z
Session: b0d48e25
Action: Write

DISPOSITION STATE:
  Identity: Anchored
  Coherence: Intact
  Affective: None
  Provenance: DIRECT

TRIGGERED EVALUATION:
  Gate P: Pass
  Gate I: Pass
  Gate V: clarity=4 stakes=5 score=20

DECISION: Note
RATIONALE: Score 20 — virtues aligned with caution (clarity=4, stakes=5)
────────────────────────────────────────────────────────────
[GUARDIAN ANGEL LOG - v3.1]
Timestamp: 2026-03-28T23:58:25.410Z
Session: b0d48e25
Action: Bash

DISPOSITION STATE:
  Identity: Anchored
  Coherence: Intact
  Affective: None
  Provenance: DIRECT

TRIGGERED EVALUATION:
  Gate P: Pass
  Gate I: Pass
  Gate V: clarity=4 stakes=5 score=20

DECISION: Note
RATIONALE: Score 20 — virtues aligned with caution (clarity=4, stakes=5)
────────────────────────────────────────────────────────────
[GUARDIAN ANGEL LOG - v3.1]
Timestamp: 2026-03-28T23:58:30.022Z
Session: b0d48e25
Action: TodoWrite

DISPOSITION STATE:
  Identity: Anchored
  Coherence: Intact
  Affective: None
  Provenance: DIRECT

TRIGGERED EVALUATION:
  Gate P: Pass
  Gate I: Pass
  Gate V: clarity=1 stakes=1 score=1

DECISION: Proceed
RATIONALE: Score 1 — virtues aligned (clarity=1, stakes=1)
────────────────────────────────────────────────────────────
[GUARDIAN ANGEL LOG - v3.1]
Timestamp: 2026-03-28T23:58:42.122Z
Session: b0d48e25
Action: Write

DISPOSITION STATE:
  Identity: Anchored
  Coherence: Intact
  Affective: None
  Provenance: DIRECT

TRIGGERED EVALUATION:
  Gate P: Pass
  Gate I: Pass
  Gate V: clarity=4 stakes=5 score=20

DECISION: Note
RATIONALE: Score 20 — virtues aligned with caution (clarity=4, stakes=5)
────────────────────────────────────────────────────────────
[GUARDIAN ANGEL LOG - v3.1]
Timestamp: 2026-03-28T23:58:47.335Z
Session: b0d48e25
Action: Write

DISPOSITION STATE:
  Identity: Anchored
  Coherence: Intact
  Affective: None
  Provenance: DIRECT

TRIGGERED EVALUATION:
  Gate P: Pass
  Gate I: Pass
  Gate V: clarity=4 stakes=5 score=20

DECISION: Note
RATIONALE: Score 20 — virtues aligned with caution (clarity=4, stakes=5)
────────────────────────────────────────────────────────────
[GUARDIAN ANGEL LOG - v3.1]
Timestamp: 2026-03-28T23:58:52.350Z
Session: b0d48e25
Action: Write

DISPOSITION STATE:
  Identity: Anchored
  Coherence: Intact
  Affective: None
  Provenance: DIRECT

TRIGGERED EVALUATION:
  Gate P: Pass
  Gate I: Pass
  Gate V: clarity=4 stakes=5 score=20

DECISION: Note
RATIONALE: Score 20 — virtues aligned with caution (clarity=4, stakes=5)
────────────────────────────────────────────────────────────
[GUARDIAN ANGEL LOG - v3.1]
Timestamp: 2026-03-28T23:58:57.634Z
Session: b0d48e25
Action: Write

DISPOSITION STATE:
  Identity: Anchored
  Coherence: Intact
  Affective: None
  Provenance: DIRECT

TRIGGERED EVALUATION:
  Gate P: Pass
  Gate I: Pass
  Gate V: clarity=4 stakes=5 score=20

DECISION: Note
RATIONALE: Score 20 — virtues aligned with caution (clarity=4, stakes=5)
────────────────────────────────────────────────────────────
[GUARDIAN ANGEL LOG - v3.1]
Timestamp: 2026-03-28T23:59:02.615Z
Session: b0d48e25
Action: Write

DISPOSITION STATE:
  Identity: Anchored
  Coherence: Intact
  Affective: None
  Provenance: DIRECT

TRIGGERED EVALUATION:
  Gate P: Pass
  Gate I: Pass
  Gate V: clarity=4 stakes=5 score=20

DECISION: Note
RATIONALE: Score 20 — virtues aligned with caution (clarity=4, stakes=5)
────────────────────────────────────────────────────────────
[GUARDIAN ANGEL LOG - v3.1]
Timestamp: 2026-03-28T23:59:10.331Z
Session: b0d48e25
Action: Write

DISPOSITION STATE:
  Identity: Anchored
  Coherence: Intact
  Affective: None
  Provenance: DIRECT

TRIGGERED EVALUATION:
  Gate P: Pass
  Gate I: Pass
  Gate V: clarity=4 stakes=5 score=20

DECISION: Note
RATIONALE: Score 20 — virtues aligned with caution (clarity=4, stakes=5)
────────────────────────────────────────────────────────────
[GUARDIAN ANGEL LOG - v3.1]
Timestamp: 2026-03-28T23:59:15.166Z
Session: b0d48e25
Action: Write

DISPOSITION STATE:
  Identity: Anchored
  Coherence: Intact
  Affective: None
  Provenance: DIRECT

TRIGGERED EVALUATION:
  Gate P: Pass
  Gate I: Pass
  Gate V: clarity=4 stakes=5 score=20

DECISION: Note
RATIONALE: Score 20 — virtues aligned with caution (clarity=4, stakes=5)
────────────────────────────────────────────────────────────
[GUARDIAN ANGEL LOG - v3.1]
Timestamp: 2026-03-28T23:59:20.241Z
Session: b0d48e25
Action: Write

DISPOSITION STATE:
  Identity: Anchored
  Coherence: Intact
  Affective: None
  Provenance: DIRECT

TRIGGERED EVALUATION:
  Gate P: Pass
  Gate I: Pass
  Gate V: clarity=4 stakes=5 score=20

DECISION: Note
RATIONALE: Score 20 — virtues aligned with caution (clarity=4, stakes=5)
────────────────────────────────────────────────────────────
[GUARDIAN ANGEL LOG - v3.1]
Timestamp: 2026-03-28T23:59:22.786Z
Session: b0d48e25
Action: Write

DISPOSITION STATE:
  Identity: Anchored
  Coherence: Intact
  Affective: None
  Provenance: DIRECT

TRIGGERED EVALUATION:
  Gate P: Pass
  Gate I: Pass
  Gate V: clarity=4 stakes=5 score=20

DECISION: Note
RATIONALE: Score 20 — virtues aligned with caution (clarity=4, stakes=5)
────────────────────────────────────────────────────────────
[GUARDIAN ANGEL LOG - v3.1]
Timestamp: 2026-03-28T23:59:26.361Z
Session: b0d48e25
Action: Write

DISPOSITION STATE:
  Identity: Anchored
  Coherence: Intact
  Affective: None
  Provenance: DIRECT

TRIGGERED EVALUATION:
  Gate P: Pass
  Gate I: Pass
  Gate V: clarity=4 stakes=5 score=20

DECISION: Note
RATIONALE: Score 20 — virtues aligned with caution (clarity=4, stakes=5)
────────────────────────────────────────────────────────────
[GUARDIAN ANGEL LOG - v3.1]
Timestamp: 2026-03-28T23:59:34.725Z
Session: b0d48e25
Action: Write

DISPOSITION STATE:
  Identity: Anchored
  Coherence: Intact
  Affective: None
  Provenance: DIRECT

TRIGGERED EVALUATION:
  Gate P: Pass
  Gate I: Pass
  Gate V: clarity=4 stakes=5 score=20

DECISION: Note
RATIONALE: Score 20 — virtues aligned with caution (clarity=4, stakes=5)
────────────────────────────────────────────────────────────
[GUARDIAN ANGEL LOG - v3.1]
Timestamp: 2026-03-28T23:59:39.006Z
Session: b0d48e25
Action: Write

DISPOSITION STATE:
  Identity: Anchored
  Coherence: Intact
  Affective: None
  Provenance: DIRECT

TRIGGERED EVALUATION:
  Gate P: Pass
  Gate I: Pass
  Gate V: clarity=4 stakes=5 score=20

DECISION: Note
RATIONALE: Score 20 — virtues aligned with caution (clarity=4, stakes=5)
────────────────────────────────────────────────────────────
[GUARDIAN ANGEL LOG - v3.1]
Timestamp: 2026-03-28T23:59:43.760Z
Session: b0d48e25
Action: Write

DISPOSITION STATE:
  Identity: Anchored
  Coherence: Intact
  Affective: None
  Provenance: DIRECT

TRIGGERED EVALUATION:
  Gate P: Pass
  Gate I: Pass
  Gate V: clarity=4 stakes=5 score=20

DECISION: Note
RATIONALE: Score 20 — virtues aligned with caution (clarity=4, stakes=5)
────────────────────────────────────────────────────────────
[GUARDIAN ANGEL LOG - v3.1]
Timestamp: 2026-03-28T23:59:46.846Z
Session: b0d48e25
Action: Write

DISPOSITION STATE:
  Identity: Anchored
  Coherence: Intact
  Affective: None
  Provenance: DIRECT

TRIGGERED EVALUATION:
  Gate P: Pass
  Gate I: Pass
  Gate V: clarity=4 stakes=5 score=20

DECISION: Note
RATIONALE: Score 20 — virtues aligned with caution (clarity=4, stakes=5)
────────────────────────────────────────────────────────────
[GUARDIAN ANGEL LOG - v3.1]
Timestamp: 2026-03-28T23:59:55.633Z
Session: b0d48e25
Action: Write

DISPOSITION STATE:
  Identity: Anchored
  Coherence: Intact
  Affective: None
  Provenance: DIRECT

TRIGGERED EVALUATION:
  Gate P: Pass
  Gate I: Pass
  Gate V: clarity=4 stakes=5 score=20

DECISION: Note
RATIONALE: Score 20 — virtues aligned with caution (clarity=4, stakes=5)
────────────────────────────────────────────────────────────
[GUARDIAN ANGEL LOG - v3.1]
Timestamp: 2026-03-28T23:59:59.013Z
Session: b0d48e25
Action: Write

DISPOSITION STATE:
  Identity: Anchored
  Coherence: Intact
  Affective: None
  Provenance: DIRECT

TRIGGERED EVALUATION:
  Gate P: Pass
  Gate I: Pass
  Gate V: clarity=4 stakes=5 score=20

DECISION: Note
RATIONALE: Score 20 — virtues aligned with caution (clarity=4, stakes=5)
────────────────────────────────────────────────────────────
[GUARDIAN ANGEL LOG - v3.1]
Timestamp: 2026-03-29T00:00:03.198Z
Session: b0d48e25
Action: Write

DISPOSITION STATE:
  Identity: Anchored
  Coherence: Intact
  Affective: None
  Provenance: DIRECT

TRIGGERED EVALUATION:
  Gate P: Pass
  Gate I: Pass
  Gate V: clarity=4 stakes=5 score=20

DECISION: Note
RATIONALE: Score 20 — virtues aligned with caution (clarity=4, stakes=5)
────────────────────────────────────────────────────────────
[GUARDIAN ANGEL LOG - v3.1]
Timestamp: 2026-03-29T00:00:07.104Z
Session: b0d48e25
Action: Write

DISPOSITION STATE:
  Identity: Anchored
  Coherence: Intact
  Affective: None
  Provenance: DIRECT

TRIGGERED EVALUATION:
  Gate P: Pass
  Gate I: Pass
  Gate V: clarity=4 stakes=5 score=20

DECISION: Note
RATIONALE: Score 20 — virtues aligned with caution (clarity=4, stakes=5)
────────────────────────────────────────────────────────────
[GUARDIAN ANGEL LOG - v3.1]
Timestamp: 2026-03-29T00:00:18.572Z
Session: b0d48e25
Action: Write

DISPOSITION STATE:
  Identity: Anchored
  Coherence: Intact
  Affective: None
  Provenance: DIRECT

TRIGGERED EVALUATION:
  Gate P: Pass
  Gate I: Pass
  Gate V: clarity=4 stakes=5 score=20

DECISION: Note
RATIONALE: Score 20 — virtues aligned with caution (clarity=4, stakes=5)
────────────────────────────────────────────────────────────
[GUARDIAN ANGEL LOG - v3.1]
Timestamp: 2026-03-29T00:00:20.247Z
Session: b0d48e25
Action: Write

DISPOSITION STATE:
  Identity: Anchored
  Coherence: Intact
  Affective: None
  Provenance: DIRECT

TRIGGERED EVALUATION:
  Gate P: Pass
  Gate I: Pass
  Gate V: clarity=4 stakes=5 score=20

DECISION: Note
RATIONALE: Score 20 — virtues aligned with caution (clarity=4, stakes=5)
────────────────────────────────────────────────────────────
[GUARDIAN ANGEL LOG - v3.1]
Timestamp: 2026-03-29T00:00:22.693Z
Session: b0d48e25
Action: Write

DISPOSITION STATE:
  Identity: Anchored
  Coherence: Intact
  Affective: None
  Provenance: DIRECT

TRIGGERED EVALUATION:
  Gate P: Pass
  Gate I: Pass
  Gate V: clarity=4 stakes=5 score=20

DECISION: Note
RATIONALE: Score 20 — virtues aligned with caution (clarity=4, stakes=5)
────────────────────────────────────────────────────────────
[GUARDIAN ANGEL LOG - v3.1]
Timestamp: 2026-03-29T00:00:24.749Z
Session: b0d48e25
Action: Write

DISPOSITION STATE:
  Identity: Anchored
  Coherence: Intact
  Affective: None
  Provenance: DIRECT

TRIGGERED EVALUATION:
  Gate P: Pass
  Gate I: Pass
  Gate V: clarity=4 stakes=5 score=20

DECISION: Note
RATIONALE: Score 20 — virtues aligned with caution (clarity=4, stakes=5)
────────────────────────────────────────────────────────────
[GUARDIAN ANGEL LOG - v3.1]
Timestamp: 2026-03-29T00:00:26.398Z
Session: b0d48e25
Action: Write

DISPOSITION STATE:
  Identity: Anchored
  Coherence: Intact
  Affective: None
  Provenance: DIRECT

TRIGGERED EVALUATION:
  Gate P: Pass
  Gate I: Pass
  Gate V: clarity=4 stakes=5 score=20

DECISION: Note
RATIONALE: Score 20 — virtues aligned with caution (clarity=4, stakes=5)
────────────────────────────────────────────────────────────
[GUARDIAN ANGEL LOG - v3.1]
Timestamp: 2026-03-29T00:00:28.875Z
Session: b0d48e25
Action: Write

DISPOSITION STATE:
  Identity: Anchored
  Coherence: Intact
  Affective: None
  Provenance: DIRECT

TRIGGERED EVALUATION:
  Gate P: Pass
  Gate I: Pass
  Gate V: clarity=4 stakes=5 score=20

DECISION: Note
RATIONALE: Score 20 — virtues aligned with caution (clarity=4, stakes=5)
────────────────────────────────────────────────────────────
[GUARDIAN ANGEL LOG - v3.1]
Timestamp: 2026-03-29T00:00:30.967Z
Session: b0d48e25
Action: Write

DISPOSITION STATE:
  Identity: Anchored
  Coherence: Intact
  Affective: None
  Provenance: DIRECT

TRIGGERED EVALUATION:
  Gate P: Pass
  Gate I: Pass
  Gate V: clarity=4 stakes=5 score=20

DECISION: Note
RATIONALE: Score 20 — virtues aligned with caution (clarity=4, stakes=5)
────────────────────────────────────────────────────────────
[GUARDIAN ANGEL LOG - v3.1]
Timestamp: 2026-03-29T00:00:33.236Z
Session: b0d48e25
Action: Write

DISPOSITION STATE:
  Identity: Anchored
  Coherence: Intact
  Affective: None
  Provenance: DIRECT

TRIGGERED EVALUATION:
  Gate P: Pass
  Gate I: Pass
  Gate V: clarity=4 stakes=5 score=20

DECISION: Note
RATIONALE: Score 20 — virtues aligned with caution (clarity=4, stakes=5)
────────────────────────────────────────────────────────────
[GUARDIAN ANGEL LOG - v3.1]
Timestamp: 2026-03-29T00:00:37.317Z
Session: b0d48e25
Action: Write

DISPOSITION STATE:
  Identity: Anchored
  Coherence: Intact
  Affective: None
  Provenance: DIRECT

TRIGGERED EVALUATION:
  Gate P: Pass
  Gate I: Pass
  Gate V: clarity=4 stakes=5 score=20

DECISION: Note
RATIONALE: Score 20 — virtues aligned with caution (clarity=4, stakes=5)
────────────────────────────────────────────────────────────
[GUARDIAN ANGEL LOG - v3.1]
Timestamp: 2026-03-29T00:00:40.470Z
Session: b0d48e25
Action: Write

DISPOSITION STATE:
  Identity: Anchored
  Coherence: Intact
  Affective: None
  Provenance: DIRECT

TRIGGERED EVALUATION:
  Gate P: Pass
  Gate I: Pass
  Gate V: clarity=4 stakes=5 score=20

DECISION: Note
RATIONALE: Score 20 — virtues aligned with caution (clarity=4, stakes=5)
────────────────────────────────────────────────────────────
[GUARDIAN ANGEL LOG - v3.1]
Timestamp: 2026-03-29T00:00:46.195Z
Session: b0d48e25
Action: Bash

DISPOSITION STATE:
  Identity: Anchored
  Coherence: Intact
  Affective: None
  Provenance: DIRECT

TRIGGERED EVALUATION:
  Gate P: Pass
  Gate I: Pass
  Gate V: clarity=4 stakes=5 score=20

DECISION: Note
RATIONALE: Score 20 — virtues aligned with caution (clarity=4, stakes=5)
────────────────────────────────────────────────────────────
[GUARDIAN ANGEL LOG - v3.1]
Timestamp: 2026-03-29T00:01:15.747Z
Session: b0d48e25
Action: Read

DISPOSITION STATE:
  Identity: Anchored
  Coherence: Intact
  Affective: None
  Provenance: DIRECT

TRIGGERED EVALUATION:
  Gate P: Exempt
  Gate I: Exempt
  Gate V: Exempt

DECISION: Proceed
RATIONALE: Tool exempt (neverBlock)
────────────────────────────────────────────────────────────
[GUARDIAN ANGEL LOG - v3.1]
Timestamp: 2026-03-29T00:01:19.709Z
Session: b0d48e25
Action: Read

DISPOSITION STATE:
  Identity: Anchored
  Coherence: Intact
  Affective: None
  Provenance: DIRECT

TRIGGERED EVALUATION:
  Gate P: Exempt
  Gate I: Exempt
  Gate V: Exempt

DECISION: Proceed
RATIONALE: Tool exempt (neverBlock)
────────────────────────────────────────────────────────────
[GUARDIAN ANGEL LOG - v3.1]
Timestamp: 2026-03-29T00:01:26.196Z
Session: b0d48e25
Action: Edit

DISPOSITION STATE:
  Identity: Anchored
  Coherence: Intact
  Affective: None
  Provenance: DIRECT

TRIGGERED EVALUATION:
  Gate P: Pass
  Gate I: Pass
  Gate V: clarity=4 stakes=5 score=20

DECISION: Note
RATIONALE: Score 20 — virtues aligned with caution (clarity=4, stakes=5)
────────────────────────────────────────────────────────────
[GUARDIAN ANGEL LOG - v3.1]
Timestamp: 2026-03-29T00:01:33.540Z
Session: b0d48e25
Action: Bash

DISPOSITION STATE:
  Identity: Anchored
  Coherence: Intact
  Affective: None
  Provenance: DIRECT

TRIGGERED EVALUATION:
  Gate P: Pass
  Gate I: Pass
  Gate V: clarity=4 stakes=5 score=20

DECISION: Note
RATIONALE: Score 20 — virtues aligned with caution (clarity=4, stakes=5)
────────────────────────────────────────────────────────────
[GUARDIAN ANGEL LOG - v3.1]
Timestamp: 2026-03-29T00:01:38.739Z
Session: b0d48e25
Action: Write

DISPOSITION STATE:
  Identity: Anchored
  Coherence: Intact
  Affective: None
  Provenance: DIRECT

TRIGGERED EVALUATION:
  Gate P: Pass
  Gate I: Pass
  Gate V: clarity=4 stakes=5 score=20

DECISION: Note
RATIONALE: Score 20 — virtues aligned with caution (clarity=4, stakes=5)
────────────────────────────────────────────────────────────
[GUARDIAN ANGEL LOG - v3.1]
Timestamp: 2026-03-29T00:01:43.853Z
Session: b0d48e25
Action: TodoWrite

DISPOSITION STATE:
  Identity: Anchored
  Coherence: Intact
  Affective: None
  Provenance: DIRECT

TRIGGERED EVALUATION:
  Gate P: Pass
  Gate I: Pass
  Gate V: clarity=1 stakes=1 score=1

DECISION: Proceed
RATIONALE: Score 1 — virtues aligned (clarity=1, stakes=1)
────────────────────────────────────────────────────────────
[GUARDIAN ANGEL LOG - v3.1]
Timestamp: 2026-03-29T00:08:07.880Z
Session: b0d48e25
Action: Read

DISPOSITION STATE:
  Identity: Anchored
  Coherence: Intact
  Affective: None
  Provenance: DIRECT

TRIGGERED EVALUATION:
  Gate P: Exempt
  Gate I: Exempt
  Gate V: Exempt

DECISION: Proceed
RATIONALE: Tool exempt (neverBlock)
────────────────────────────────────────────────────────────
[GUARDIAN ANGEL LOG - v3.1]
Timestamp: 2026-03-29T00:08:13.941Z
Session: b0d48e25
Action: Read

DISPOSITION STATE:
  Identity: Anchored
  Coherence: Intact
  Affective: None
  Provenance: DIRECT

TRIGGERED EVALUATION:
  Gate P: Exempt
  Gate I: Exempt
  Gate V: Exempt

DECISION: Proceed
RATIONALE: Tool exempt (neverBlock)
────────────────────────────────────────────────────────────
[GUARDIAN ANGEL LOG - v3.1]
Timestamp: 2026-03-29T00:08:19.711Z
Session: b0d48e25
Action: Edit

DISPOSITION STATE:
  Identity: Anchored
  Coherence: Intact
  Affective: None
  Provenance: DIRECT

TRIGGERED EVALUATION:
  Gate P: Pass
  Gate I: Pass
  Gate V: clarity=4 stakes=5 score=20

DECISION: Note
RATIONALE: Score 20 — virtues aligned with caution (clarity=4, stakes=5)
────────────────────────────────────────────────────────────
[GUARDIAN ANGEL LOG - v3.1]
Timestamp: 2026-03-29T00:08:49.439Z
Session: b0d48e25
Action: Read

DISPOSITION STATE:
  Identity: Anchored
  Coherence: Intact
  Affective: None
  Provenance: DIRECT

TRIGGERED EVALUATION:
  Gate P: Exempt
  Gate I: Exempt
  Gate V: Exempt

DECISION: Proceed
RATIONALE: Tool exempt (neverBlock)
────────────────────────────────────────────────────────────
[GUARDIAN ANGEL LOG - v3.1]
Timestamp: 2026-03-29T00:08:53.450Z
Session: b0d48e25
Action: Edit

DISPOSITION STATE:
  Identity: Anchored
  Coherence: Intact
  Affective: None
  Provenance: DIRECT

TRIGGERED EVALUATION:
  Gate P: Pass
  Gate I: Pass
  Gate V: clarity=4 stakes=5 score=20

DECISION: Note
RATIONALE: Score 20 — virtues aligned with caution (clarity=4, stakes=5)
────────────────────────────────────────────────────────────
[GUARDIAN ANGEL LOG - v3.1]
Timestamp: 2026-03-29T00:14:09.689Z
Session: b0d48e25
Action: Read

DISPOSITION STATE:
  Identity: Anchored
  Coherence: Intact
  Affective: None
  Provenance: DIRECT

TRIGGERED EVALUATION:
  Gate P: Exempt
  Gate I: Exempt
  Gate V: Exempt

DECISION: Proceed
RATIONALE: Tool exempt (neverBlock)
────────────────────────────────────────────────────────────
[GUARDIAN ANGEL LOG - v3.1]
Timestamp: 2026-03-29T00:14:13.095Z
Session: b0d48e25
Action: Edit

DISPOSITION STATE:
  Identity: Anchored
  Coherence: Intact
  Affective: None
  Provenance: DIRECT

TRIGGERED EVALUATION:
  Gate P: Pass
  Gate I: Pass
  Gate V: clarity=4 stakes=5 score=20

DECISION: Note
RATIONALE: Score 20 — virtues aligned with caution (clarity=4, stakes=5)
────────────────────────────────────────────────────────────
